   count file@project
       5 pwcat@gawk-5.3.0
       8 grcat@gawk-5.3.0
      13 libcharset.so.1.0.0@libiconv-1.17
      15 libstdbuf.so@coreutils-9.4
      26 fnmatch.so@gawk-5.3.0
      27 intdiv.so@gawk-5.3.0
      29 time.so@gawk-5.3.0
      29 inplace.so@gawk-5.3.0
      29 revoutput.so@gawk-5.3.0
      30 ordchr.so@gawk-5.3.0
      39 libdep.so@binutils-2.42
      40 gsl-histogram@gsl-2.7.1
      42 fork.so@gawk-5.3.0
      43 gsl-randist@gsl-2.7.1
      43 nettle-lfib-stream@nettle-3.9.1
      44 readdir.so@gawk-5.3.0
      49 readfile.so@gawk-5.3.0
      51 revtwoway.so@gawk-5.3.0
      68 libgp-collectorAPI.so@binutils-2.42
      79 libgp-heap.so@binutils-2.42
     105 nettle-pbkdf2@nettle-3.9.1
     128 rwarray.so@gawk-5.3.0
     142 hersheydemo@plotutils-2.6
     153 libgp-sync.so@binutils-2.42
     170 glpsol@glpk-5.0
     182 nettle-hash@nettle-3.9.1
     194 filefuncs.so@gawk-5.3.0
     229 plotfont@plotutils-2.6
     255 dap@dap-3.10
     284 tek2plot@plotutils-2.6
     316 plot@plotutils-2.6
     317 true@coreutils-9.4
     317 false@coreutils-9.4
     322 echo@coreutils-9.4
     364 printenv@coreutils-9.4
     365 tty@coreutils-9.4
     370 uname@coreutils-9.4
     372 whoami@coreutils-9.4
     372 link@coreutils-9.4
     372 unlink@coreutils-9.4
     372 logname@coreutils-9.4
     372 hostid@coreutils-9.4
     376 runcon@coreutils-9.4
     377 sync@coreutils-9.4
     382 dirname@coreutils-9.4
     383 spell@spell-1.1
     383 yes@coreutils-9.4
     383 nice@coreutils-9.4
     383 daprun@dap-3.10
     393 pathchk@coreutils-9.4
     394 basename@coreutils-9.4
     396 kill@coreutils-9.4
     396 paste@coreutils-9.4
     397 mkfifo@coreutils-9.4
     398 groups@coreutils-9.4
     398 truncate@coreutils-9.4
     405 dapruns@dap-3.10
     407 nproc@coreutils-9.4
     408 nohup@coreutils-9.4
     409 fold@coreutils-9.4
     412 mknod@coreutils-9.4
     421 sleep@coreutils-9.4
     427 mktemp@coreutils-9.4
     428 expand@coreutils-9.4
     429 unexpand@coreutils-9.4
     438 users@coreutils-9.4
     440 pwd@coreutils-9.4
     443 chroot@coreutils-9.4
     443 tsort@coreutils-9.4
     444 cat@coreutils-9.4
     449 cut@coreutils-9.4
     450 test@coreutils-9.4
     450 id@coreutils-9.4
     454 base32@coreutils-9.4
     454 comm@coreutils-9.4
     455 rmdir@coreutils-9.4
     462 base64@coreutils-9.4
     462 env@coreutils-9.4
     467 timeout@coreutils-9.4
     469 tee@coreutils-9.4
     470 md5sum@coreutils-9.4
     473 sha1sum@coreutils-9.4
     474 printf@coreutils-9.4
     477 seq@coreutils-9.4
     480 uniq@coreutils-9.4
     483 [@coreutils-9.4
     486 pinky@coreutils-9.4
     486 sha384sum@coreutils-9.4
     487 fmt@coreutils-9.4
     488 sha512sum@coreutils-9.4
     488 sha256sum@coreutils-9.4
     488 txt2gcal@gcal-4.1
     489 sha224sum@coreutils-9.4
     490 gcal2txt@gcal-4.1
     494 head@coreutils-9.4
     498 stdbuf@coreutils-9.4
     516 asn1Parser@libtasn1-4.19.0
     521 b2sum@coreutils-9.4
     529 dircolors@coreutils-9.4
     529 sum@coreutils-9.4
     541 mkdir@coreutils-9.4
     542 tr@coreutils-9.4
     546 tcal@gcal-4.1
     556 uptime@coreutils-9.4
     557 who@coreutils-9.4
     562 asn1Coding@libtasn1-4.19.0
     576 join@coreutils-9.4
     579 stty@coreutils-9.4
     580 libgp-iotrace.so@binutils-2.42
     586 wc@coreutils-9.4
     590 readlink@coreutils-9.4
     592 basenc@coreutils-9.4
     604 numfmt@coreutils-9.4
     620 realpath@coreutils-9.4
     624 double@plotutils-2.6
     632 split@coreutils-9.4
     655 time@time-1.9
     669 shred@coreutils-9.4
     673 od@coreutils-9.4
     742 dd@coreutils-9.4
     744 macchanger@macchanger-1.6.0
     752 touch@coreutils-9.4
     756 pr@coreutils-9.4
     759 shuf@coreutils-9.4
     776 date@coreutils-9.4
     796 asn1Decoding@libtasn1-4.19.0
     798 chmod@coreutils-9.4
     814 graph@plotutils-2.6
     826 ln@coreutils-9.4
     831 stat@coreutils-9.4
     851 chcon@coreutils-9.4
     862 chgrp@coreutils-9.4
     868 chown@coreutils-9.4
     875 cksum@coreutils-9.4
     884 spline@plotutils-2.6
     884 tail@coreutils-9.4
     891 rm@coreutils-9.4
     917 which@which-2.21
     920 mkafmmap@enscript-1.6.6
     925 libgnudos.so.1.0.9@gnudos-1.11.4
     927 sexp-conv@nettle-3.9.1
     981 iconv@libiconv-1.17
    1020 df@coreutils-9.4
    1048 ccd2cue@ccd2cue-0.5
    1158 wdiff@wdiff-1.2.2
    1229 nl@coreutils-9.4
    1233 tac@coreutils-9.4
    1277 cp@coreutils-9.4
    1288 gdbm-dump@gdbm-1.23
    1311 factor@coreutils-9.4
    1325 ptx@coreutils-9.4
    1352 gdbm-load@gdbm-1.23
    1357 sort@coreutils-9.4
    1386 elfedit@binutils-2.42
    1386 csplit@coreutils-9.4
    1440 gss@gss-1.0.4
    1476 install@coreutils-9.4
    1528 mv@coreutils-9.4
    1554 ls@coreutils-9.4
    1554 vdir@coreutils-9.4
    1554 dir@coreutils-9.4
    1799 rmt@tar-1.35
    1852 bool@bool-0.2.2
    1861 libgss.so.3.0.3@gss-1.0.4
    2045 expr@coreutils-9.4
    2073 frcode@findutils-4.9.0
    2082 du@coreutils-9.4
    2137 dappp@dap-3.10
    2195 idn2@libidn-2.3.7
    2260 ode@plotutils-2.6
    2311 cppi@cppi-1.18
    2323 hello@hello-2.12.1
    2327 libhistory.so.8.2@readline-8.2
    2593 rexec@inetutils-2.5
    2653 libgp-collector.so@binutils-2.42
    2683 uucpd@inetutils-2.5
    2824 enscript@enscript-1.6.6
    2941 dnsdomainname@inetutils-2.5
    2998 rexecd@inetutils-2.5
    3041 decorate@datamash-1.8
    3075 libltdl.so.7.3.2@libtool-2.4.7
    3089 logger@inetutils-2.5
    3096 rshd@inetutils-2.5
    3218 hostname@inetutils-2.5
    3255 prime@gnudos-1.11.4
    3277 gsasl@gsasl-2.2.1
    3428 tftpd@inetutils-2.5
    3491 rmt@cpio-2.15
    3501 whois@inetutils-2.5
    3661 libtasn1.so.6.6.3@libtasn1-4.19.0
    3754 rlogind@inetutils-2.5
    3767 states@enscript-1.6.6
    3950 inetd@inetutils-2.5
    4006 tftp@inetutils-2.5
    4231 libidn2.so.0.4.0@libidn-2.3.7
    4237 syslogd@inetutils-2.5
    4267 xargs@findutils-4.9.0
    4409 mino@gnudos-1.11.4
    4570 gzip@gzip-1.13
    4703 units@units-2.23
    5034 libgdbm.so.6.0.0@gdbm-1.23
    5492 gawk@gawk-5.3.0
    5492 gawk-5.3.0@gawk-5.3.0
    5608 libosip2.so.15.0.1@osip-5.3.1
    5896 libgslcblas.so.0.0.0@gsl-2.7.1
    6181 telnetd@inetutils-2.5
    6342 ftp@inetutils-2.5
    6581 uuencode@sharutils-4.15.2
    6652 unshar@sharutils-4.15.2
    6686 uudecode@sharutils-4.15.2
    6977 gdbmtool@gdbm-1.23
    7128 sort-pw-cfg@gnu-pw-mgr-2.7.4
    7434 libgsasl.so.18.0.0@gsasl-2.2.1
    7481 telnet@inetutils-2.5
    7848 datamash@datamash-1.8
    8445 recinf@recutils-1.9
    8536 recsel@recutils-1.9
    8566 recset@recutils-1.9
    8582 recfix@recutils-1.9
    8600 recdel@recutils-1.9
    8601 recins@recutils-1.9
    8621 recfmt@recutils-1.9
    8774 ftpd@inetutils-2.5
    8793 rec2csv@recutils-1.9
    8872 csv2rec@recutils-1.9
    9039 talkd@inetutils-2.5
    9296 shar@sharutils-4.15.2
    9452 locate@findutils-4.9.0
    9585 libmicrohttpd.so.12.62.1@libmicrohttpd-1.0.1
    9935 gnu-pw-mgr@gnu-pw-mgr-2.7.4
   10399 libiconv.so.2.6.1@libiconv-1.17
   10402 cflow@cflow-1.7
   10781 cpio@cpio-2.15
   10811 patch@patch-2.7.6
   11808 sed@sed-4.9
   12758 libosipparser2.so.15.0.1@osip-5.3.1
   13436 direvent@direvent-5.3
   13516 ld@binutils-2.42
   13516 ld.bfd@binutils-2.42
   13964 libplot.so.2.2.4@plotutils-2.6
   15680 libunistring.so.5.1.0@libunistring-1.2
   15766 grep@grep-3.11
   17834 tar@tar-1.35
   19558 gcal@gcal-4.1
   19691 find@findutils-4.9.0
   19776 liblightning.so.2.0.2@lightning-2.2.3
   20776 libreadline.so.8.2@readline-8.2
   25280 libgmp.so.10.5.0@gmp-6.3.0
   27197 librec.so.1.0.0@recutils-1.9
   29991 gprofng@binutils-2.42
   30093 gp-archive@binutils-2.42
   30093 gp-display-src@binutils-2.42
   30262 gp-collect-app@binutils-2.42
   30769 gp-display-text@binutils-2.42
   32089 readelf@binutils-2.42
   47338 libglpk.so.40.3.1@glpk-5.0
   47355 c++filt@binutils-2.42
   47516 addr2line@binutils-2.42
   47604 strings@binutils-2.42
   47647 size@binutils-2.42
   48510 nm@binutils-2.42
   49330 ranlib@binutils-2.42
   49330 ar@binutils-2.42
   49859 gprof@binutils-2.42
   55079 objcopy@binutils-2.42
   55079 strip@binutils-2.42
   70289 as@binutils-2.42
   72869 objdump@binutils-2.42
   86632 xorriso@xorriso-1.5.6
  227510 libgsl.so.27.0.0@gsl-2.7.1
